<?xml version="1.0" encoding="UTF-8"?>
<testng-results skipped="0" failed="0" total="1" passed="1">
  <reporter-output>
  </reporter-output>
  <suite name="Default suite" duration-ms="9850" started-at="2018-10-07T15:58:18Z" finished-at="2018-10-07T15:58:28Z">
    <groups>
    </groups>
    <test name="Default test" duration-ms="9850" started-at="2018-10-07T15:58:18Z" finished-at="2018-10-07T15:58:28Z">
      <class name="org.qa.restapi.test.RestClientGetReqTest">
        <test-method status="PASS" signature="setUp()[pri:0, instance:org.qa.restapi.test.RestClientGetReqTest@573f2bb1]" name="setUp" is-config="true" duration-ms="9773" started-at="2018-10-07T21:28:18Z" finished-at="2018-10-07T21:28:28Z">
          <reporter-output>
          </reporter-output>
        </test-method> <!-- setUp -->
        <test-method status="PASS" signature="getStarttimeTest()[pri:0, instance:org.qa.restapi.test.RestClientGetReqTest@573f2bb1]" name="getStarttimeTest" duration-ms="55" started-at="2018-10-07T21:28:28Z" finished-at="2018-10-07T21:28:28Z">
          <reporter-output>
          </reporter-output>
        </test-method> <!-- getStarttimeTest -->
      </class> <!-- org.qa.restapi.test.RestClientGetReqTest -->
    </test> <!-- Default test -->
  </suite> <!-- Default suite -->
</testng-results>
